{
  "RSpec": {
    "coverage": {
      "/home/rogerio/Documentos/treinamentos/campus_code_07-2021/treinadev-7/framefreelaworks/spec/models/manager_spec.rb": {
        "lines": [
          1,
          null,
          1,
          null,
          null
        ]
      },
      "/home/rogerio/Documentos/treinamentos/campus_code_07-2021/treinadev-7/framefreelaworks/spec/models/profile_spec.rb": {
        "lines": [
          1,
          null,
          1,
          null,
          1,
          2,
          null,
          null,
          1,
          2,
          2,
          2,
          2,
          2,
          2,
          null,
          null,
          1,
          1,
          1,
          1,
          1,
          null,
          null,
          null,
          null,
          1,
          null,
          null,
          1,
          1,
          1,
          1,
          null,
          null,
          null,
          null,
          1,
          null,
          null,
          null,
          null
        ]
      },
      "/home/rogerio/Documentos/treinamentos/campus_code_07-2021/treinadev-7/framefreelaworks/app/models/profile.rb": {
        "lines": [
          1,
          1,
          null,
          1,
          null,
          1,
          null,
          null,
          1,
          null,
          1,
          null,
          1,
          13,
          1,
          null,
          null,
          null
        ]
      },
      "/home/rogerio/Documentos/treinamentos/campus_code_07-2021/treinadev-7/framefreelaworks/spec/models/project_spec.rb": {
        "lines": [
          1,
          null,
          1,
          null,
          1,
          2,
          2,
          null,
          null,
          null,
          1,
          2,
          2,
          2,
          2,
          2,
          2,
          2,
          2,
          null,
          null,
          1,
          1,
          null,
          1,
          1,
          1,
          null,
          null,
          null,
          null,
          1,
          null,
          null,
          1,
          1,
          1,
          null,
          null,
          null,
          null,
          1,
          null,
          null,
          1,
          1,
          1,
          null,
          null,
          null,
          null,
          1,
          null,
          null,
          1,
          1,
          1,
          null,
          null,
          null,
          null,
          1,
          null,
          null,
          1,
          1,
          1,
          null,
          null,
          null,
          null,
          1,
          null,
          null,
          1,
          1,
          1,
          null,
          null,
          null,
          null,
          null,
          1,
          null,
          null,
          1,
          1,
          1,
          null,
          null,
          null,
          null,
          1,
          null,
          null,
          1,
          1,
          1,
          null,
          null,
          null,
          null,
          1,
          null,
          null,
          1,
          1,
          1,
          null,
          null,
          null,
          null,
          1,
          null,
          null,
          null,
          1,
          1,
          1,
          null,
          null,
          null,
          null,
          1,
          null,
          null,
          null,
          null
        ]
      },
      "/home/rogerio/Documentos/treinamentos/campus_code_07-2021/treinadev-7/framefreelaworks/app/models/project.rb": {
        "lines": [
          1,
          1,
          1,
          null,
          1,
          null,
          1,
          null,
          1,
          null,
          1,
          1,
          1,
          1,
          1,
          null,
          null,
          1,
          null,
          1,
          21,
          0,
          null,
          null,
          null,
          null,
          1,
          21,
          2,
          null,
          null,
          null,
          null,
          1,
          21,
          1,
          null,
          null,
          null,
          1,
          21,
          3,
          null,
          null,
          null,
          1,
          21,
          2,
          null,
          null,
          null
        ]
      },
      "/home/rogerio/Documentos/treinamentos/campus_code_07-2021/treinadev-7/framefreelaworks/spec/models/proposal_spec.rb": {
        "lines": [
          1,
          null,
          1,
          null,
          1,
          2,
          2,
          null,
          null,
          1,
          2,
          2,
          2,
          2,
          2,
          null,
          null,
          null
        ]
      },
      "/home/rogerio/Documentos/treinamentos/campus_code_07-2021/treinadev-7/framefreelaworks/app/models/proposal.rb": {
        "lines": [
          1,
          1,
          1,
          null,
          1,
          null,
          1,
          null,
          1,
          null,
          1,
          null,
          null,
          null
        ]
      }
    },
    "timestamp": 1635556461
  }
}
